texture name:map//tex\default_base.dds width:0 height:0 format:0
texture name:map//tex\default_blend.dds width:0 height:0 format:0
texture name:map//tex\skies\00001\box_5.dds width:512 height:512 format:6
texture name:map//tex\skies\00001\sky_side.dds width:8192 height:2048 format:6
texture name:tex\sun\glow\sunglow.tga width:64 height:64 format:3
texture name:gui/tp2_login/name.png width:512 height:64 format:6
texture name:gui/tp2_common/window/jinru_1.png width:512 height:64 format:6
texture name:gui/tp2_common/window/jinru_2.png width:512 height:64 format:6
texture name:gui/tp2_common/window/jinru_3.png width:512 height:64 format:6
texture name:gui/tp2_common/backdrop/bg_001.png width:256 height:256 format:6
texture name:gui/tp2_common/backdrop/bg_002.png width:256 height:256 format:6
texture name:gui/tp2_common/backdrop/bg_003.png width:256 height:256 format:6
texture name:gui/tp2_common/backdrop/decorate_10.png width:512 height:64 format:6
texture name:gui/tp2_common/backdrop/decorate_03.png width:512 height:32 format:6
texture name:gui/tp2_common/backdrop/decorate_08.png width:1024 height:128 format:6
texture name:gui/tp2_common/window/clos.png width:128 height:128 format:6
texture name:gui/tp2_common/window/clos1.png width:128 height:128 format:6
texture name:gui/tp2_common/window/affirm.png width:256 height:64 format:6
texture name:gui/tp2_common/window/affirm1.png width:256 height:64 format:6
texture name:gui/tp2_login/dengru.png width:128 height:64 format:6
texture name:gui/tp2_login/enter.png width:128 height:256 format:6
texture name:gui/tp2_login/enter1.png width:128 height:256 format:6
texture name:gui/tp2_common/window/option.png width:256 height:64 format:6
texture name:gui/tp2_common/window/option1.png width:256 height:64 format:6
texture name:gui/tp2_common/backdrop/decorate_04.png width:512 height:64 format:6
texture name:gui/tp2_common/backdrop/decorate_09.png width:128 height:32 format:6
texture name:gui/tp2_login/zhuce.png width:512 height:64 format:6
texture name:gui/tp2_battle/scene_account/mop_up_09.png width:128 height:64 format:6
texture name:gui/tp2_login/zhanghao_1.png width:128 height:128 format:6
texture name:gui/tp2_login/zhanghao_2.png width:128 height:128 format:6
texture name:gui/tp2_login/gonggao_1.png width:128 height:128 format:6
texture name:gui/tp2_login/gonggao_2.png width:128 height:128 format:6
total 32 textures
