[2017-06-04 17:59:30.113] 
[GPU Info]
PVRVFrame 9.8 - None (Host : Intel(R) HD Graphics 4600) (SDK Build: 3.3@2850019)
Imagination Technologies (Host: Intel)
OpenGL ES 3.0(Host : 4.3.0 - Build 10.18.14.4414)
[DeviceCapsInfo]
PVRSupported:true
ETCSupported:true
ATCSupported:false
DDSSupported:false
BGRA8888Supported:true
TextureFloat16Supported:true
TextureFloat32Supported:false
TextureFloat16LinearSupported:false
TextureFloat32LinearSupported:true
TextureFloat16ColorBufferSupported:true
TextureFloat32ColorBufferSupported:true
BinaryShaderSupported:true
DepthTextureSupported:true
Texture3DSupported:true
TextureNPOTSupported:false
TextureFilterAnisotropicSupported:true
TextureRGSupported:true
Depth24Stencil8Supported:true
Stencil1Supported:false
Stencil4Supported:false
RGB888_RGBA8888Supported:true
RGBA8888Supported:true
Depth24Supported:true
Depth32Supported:true
FboRenderMipMap:false
VertexFloat16Supported:false
ShadowSamplersSupported:false
ShaderTextureLodSupported:true
OcclusionQuerySupported:true
SRGBSupported:false
DiscardFrameBufferSupported:true
PartnerGPU:false

[2017-06-04 17:59:30.114] TextureMaxSize:16384
FragmentTextureSamplerMaxNum:32
VertexTextureSamplerMaxNum:32
CombindTextureSamplerMaxNum:32
VaryingVectorsMaxNum:16
FragmentUniformVectorsMaxNum:1024
VertexUniformVectorsMaxNum:1024
VertexAttribsMaxNum:16

[2017-06-04 17:59:30.115] [Extensions]
[2017-06-04 17:59:30.115] GL_APPLE_copy_texture_levels GL_APPLE_texture_2D_limited_npot GL_EXT_blend_minmax GL_EXT_debug_marker GL_EXT_discard_framebuffer GL_EXT_draw_buffers GL_EXT_multi_draw_arrays GL_EXT_multisampled_render_to_texture GL_EXT_occlusion_query_boolean GL_EXT_shader_texture_lod GL_ GL_EXT_texture_filter_anisotropic GL_EXT_texture_format_BGRA8888 GL_EXT_texture_rg GL_EXT_texture_storage GL_EXT_texture_type_2_10_10_10_REV GL_IMG_multisampled_render_to_texture GL_IMG_program_binary GL_IMG_read_format GL_IMG_shader_binary GL_IMG_texture_compression_pvrtc GL_IMG_texture_compression_pvrtc2 GL_IMG_texture_env_enhanced_fixed_function GL_IMG_texture_format_BGRA8888 GL_IMG_texture_npot GL_IMG_texture_stream GL_IMG_texture_stream2 GL_IMG_uniform_buffer_object GL_IMG_user_clip_plane GL_IMG_vertex_array_object GL_KHR_debug GL_KHR_blend_equation_advanced GL_OES_blend_equation_separate GL_OES_blend_func_separate GL_OES_blend_subtract GL_OES_byte_coordinates GL_OES_compressed_ETC1_RGB8_texture GL_OES_depth_texture GL_OES_depth_texture_cube_map GL_OES_draw_texture GL_OES_EGL_image_external GL_OES_egl_sync GL_OES_element_index_uint GL_OES_extended_matrix_palette GL_OES_fixed_point GL_OES_fragment_precision_high GL_OES_framebuffer_object GL_OES_get_program_binary GL_OES_mapbuffer GL_OES_matrix_get GL_OES_matrix_palette GL_OES_packed_depth_stencil GL_OES_point_size_array GL_OES_point_sprite GL_OES_query_matrix GL_OES_read_format GL_OES_required_internalformat GL_OES_sample_shading GL_OES_sample_variables GL_OES_shader_image_atomic GL_OES_shader_multisample_interpolation GL_OES_single_precision GL_OES_standard_derivatives GL_OES_stencil_wrap GL_OES_texture_cube_map GL_OES_texture_env_crossbar GL_OES_texture_float GL_OES_texture_half_float GL_OES_texture_mirrored_repeat GL_OES_texture_stencil8 GL_OES_texture_storage_multisample_2d_array GL_OES_vertex_array_object 
[2017-06-04 17:59:30.116] [DeviceSize] 1280X768
[2017-06-04 17:59:30.117] ColorBufferBit: R:8 G:8 B:8 A:8
DepthBufferBit: 24
StencilBufferBit: 8

[2017-06-04 17:59:30.118] Game Init
[2017-06-04 17:59:30.178] (CEntFactory::Create)class AnimationManger not found
[2017-06-04 17:59:30.180] (CDesignLoader::LoadXmlResFile)open file failed
[2017-06-04 17:59:30.181] skin\res_font.xml
[2017-06-04 17:59:30.182] (CDesignLoader::LoadXmlResFile)open file failed
[2017-06-04 17:59:30.182] skin\res_sound.xml
[2017-06-04 17:59:30.183] Game Init End
[2017-06-04 17:59:30.184] Scene::EnableRealizeTempDepthStencilRT
[2017-06-04 17:59:30.185] Scene::SetEnableRealizTempDepthRT
[2017-06-04 17:59:30.214] (CTexLoader::Load)texture E:\SVNPro\engine\bin\res\ not found
[2017-06-04 17:59:30.215] (SunGlow::LoadTexture)create flare texture failed
[2017-06-04 17:59:30.216] 
[2017-06-04 17:59:56.194] StageLoigin enter
[2017-06-04 17:59:57.321] (CAlphaLoader::Create)blend tex not found
[2017-06-04 17:59:57.322] lf1_field_1
[2017-06-04 17:59:57.322] E:\SVNPro\engine\bin\res\ter/west_terrain_backup/zone_3_3.alphamap
[2017-06-04 17:59:57.323] (CAlphaLoader::Create)blend tex not found
[2017-06-04 17:59:57.323] brick02
[2017-06-04 17:59:57.324] E:\SVNPro\engine\bin\res\ter/west_terrain_backup/zone_3_3.alphamap
[2017-06-04 17:59:57.324] (CAlphaLoader::Create)blend tex not found
[2017-06-04 17:59:57.325] dirt01
[2017-06-04 17:59:57.325] E:\SVNPro\engine\bin\res\ter/west_terrain_backup/zone_3_3.alphamap
[2017-06-04 17:59:57.355] (CAlphaLoader::Create)blend tex not found
[2017-06-04 17:59:57.356] lf1_field_1
[2017-06-04 17:59:57.357] E:\SVNPro\engine\bin\res\ter/west_terrain_backup/zone_2_2.alphamap
[2017-06-04 17:59:57.357] (CAlphaLoader::Create)blend tex not found
[2017-06-04 17:59:57.358] brick02
[2017-06-04 17:59:57.358] E:\SVNPro\engine\bin\res\ter/west_terrain_backup/zone_2_2.alphamap
[2017-06-04 17:59:57.359] (CAlphaLoader::Create)blend tex not found
[2017-06-04 17:59:57.359] dirt01
[2017-06-04 17:59:57.360] E:\SVNPro\engine\bin\res\ter/west_terrain_backup/zone_2_2.alphamap
[2017-06-04 17:59:57.361] (CAlphaLoader::Create)blend tex not found
[2017-06-04 17:59:57.362] lf1_field_1
[2017-06-04 17:59:57.363] E:\SVNPro\engine\bin\res\ter/west_terrain_backup/zone_2_3.alphamap
[2017-06-04 17:59:57.363] (CAlphaLoader::Create)blend tex not found
[2017-06-04 17:59:57.364] brick02
[2017-06-04 17:59:57.364] E:\SVNPro\engine\bin\res\ter/west_terrain_backup/zone_2_3.alphamap
[2017-06-04 17:59:57.365] (CAlphaLoader::Create)blend tex not found
[2017-06-04 17:59:57.365] dirt01
[2017-06-04 17:59:57.366] E:\SVNPro\engine\bin\res\ter/west_terrain_backup/zone_2_3.alphamap
[2017-06-04 17:59:57.367] (CAlphaLoader::Create)blend tex not found
[2017-06-04 17:59:57.368] lf1_field_1
[2017-06-04 17:59:57.368] E:\SVNPro\engine\bin\res\ter/west_terrain_backup/zone_2_4.alphamap
[2017-06-04 17:59:57.370] (CAlphaLoader::Create)blend tex not found
[2017-06-04 17:59:57.370] brick02
[2017-06-04 17:59:57.371] E:\SVNPro\engine\bin\res\ter/west_terrain_backup/zone_2_4.alphamap
[2017-06-04 17:59:57.372] (CAlphaLoader::Create)blend tex not found
[2017-06-04 17:59:57.373] dirt01
[2017-06-04 17:59:57.374] E:\SVNPro\engine\bin\res\ter/west_terrain_backup/zone_2_4.alphamap
[2017-06-04 17:59:57.404] (CAlphaLoader::Create)blend tex not found
[2017-06-04 17:59:57.405] lf1_field_1
[2017-06-04 17:59:57.406] E:\SVNPro\engine\bin\res\ter/west_terrain_backup/zone_3_4.alphamap
[2017-06-04 17:59:57.407] (CAlphaLoader::Create)blend tex not found
[2017-06-04 17:59:57.408] brick02
[2017-06-04 17:59:57.408] E:\SVNPro\engine\bin\res\ter/west_terrain_backup/zone_3_4.alphamap
[2017-06-04 17:59:57.409] (CAlphaLoader::Create)blend tex not found
[2017-06-04 17:59:57.409] dirt01
[2017-06-04 17:59:57.410] E:\SVNPro\engine\bin\res\ter/west_terrain_backup/zone_3_4.alphamap
[2017-06-04 17:59:57.411] (CAlphaLoader::Create)blend tex not found
[2017-06-04 17:59:57.412] lf1_field_1
[2017-06-04 17:59:57.413] E:\SVNPro\engine\bin\res\ter/west_terrain_backup/zone_4_2.alphamap
[2017-06-04 17:59:57.413] (CAlphaLoader::Create)blend tex not found
[2017-06-04 17:59:57.463] brick02
[2017-06-04 17:59:57.464] E:\SVNPro\engine\bin\res\ter/west_terrain_backup/zone_4_2.alphamap
[2017-06-04 17:59:57.465] (CAlphaLoader::Create)blend tex not found
[2017-06-04 17:59:57.465] dirt01
[2017-06-04 17:59:57.466] E:\SVNPro\engine\bin\res\ter/west_terrain_backup/zone_4_2.alphamap
[2017-06-04 17:59:57.515] (CAlphaLoader::Create)blend tex not found
[2017-06-04 17:59:57.516] lf1_field_1
[2017-06-04 17:59:57.517] E:\SVNPro\engine\bin\res\ter/west_terrain_backup/zone_4_4.alphamap
[2017-06-04 17:59:57.517] (CAlphaLoader::Create)blend tex not found
[2017-06-04 17:59:57.518] brick02
[2017-06-04 17:59:57.522] E:\SVNPro\engine\bin\res\ter/west_terrain_backup/zone_4_4.alphamap
[2017-06-04 17:59:57.523] (CAlphaLoader::Create)blend tex not found
[2017-06-04 17:59:57.523] dirt01
[2017-06-04 17:59:57.524] E:\SVNPro\engine\bin\res\ter/west_terrain_backup/zone_4_4.alphamap
[2017-06-04 17:59:57.526] (CAlphaLoader::Create)blend tex not found
[2017-06-04 17:59:57.527] lf1_field_1
[2017-06-04 17:59:57.527] E:\SVNPro\engine\bin\res\ter/west_terrain_backup/zone_1_1.alphamap
[2017-06-04 17:59:57.528] (CAlphaLoader::Create)blend tex not found
[2017-06-04 17:59:57.528] brick02
[2017-06-04 17:59:57.529] E:\SVNPro\engine\bin\res\ter/west_terrain_backup/zone_1_1.alphamap
[2017-06-04 17:59:57.529] (CAlphaLoader::Create)blend tex not found
[2017-06-04 17:59:57.530] dirt01
[2017-06-04 17:59:57.530] E:\SVNPro\engine\bin\res\ter/west_terrain_backup/zone_1_1.alphamap
[2017-06-04 17:59:57.544] (CAlphaLoader::Create)blend tex not found
[2017-06-04 17:59:57.546] lf1_field_1
[2017-06-04 17:59:57.546] E:\SVNPro\engine\bin\res\ter/west_terrain_backup/zone_1_2.alphamap
[2017-06-04 17:59:57.547] (CAlphaLoader::Create)blend tex not found
[2017-06-04 17:59:57.548] brick02
[2017-06-04 17:59:57.548] E:\SVNPro\engine\bin\res\ter/west_terrain_backup/zone_1_2.alphamap
[2017-06-04 17:59:57.549] (CAlphaLoader::Create)blend tex not found
[2017-06-04 17:59:57.550] dirt01
[2017-06-04 17:59:57.550] E:\SVNPro\engine\bin\res\ter/west_terrain_backup/zone_1_2.alphamap
[2017-06-04 17:59:57.583] (CAlphaLoader::Create)blend tex not found
[2017-06-04 17:59:57.584] lf1_field_1
[2017-06-04 17:59:57.586] E:\SVNPro\engine\bin\res\ter/west_terrain_backup/zone_1_3.alphamap
[2017-06-04 17:59:57.587] (CAlphaLoader::Create)blend tex not found
[2017-06-04 17:59:57.588] brick02
[2017-06-04 17:59:57.589] E:\SVNPro\engine\bin\res\ter/west_terrain_backup/zone_1_3.alphamap
[2017-06-04 17:59:57.590] (CAlphaLoader::Create)blend tex not found
[2017-06-04 17:59:57.590] dirt01
[2017-06-04 17:59:57.591] E:\SVNPro\engine\bin\res\ter/west_terrain_backup/zone_1_3.alphamap
[2017-06-04 17:59:57.593] (CAlphaLoader::Create)blend tex not found
[2017-06-04 17:59:57.594] lf1_field_1
[2017-06-04 17:59:57.595] E:\SVNPro\engine\bin\res\ter/west_terrain_backup/zone_1_4.alphamap
[2017-06-04 17:59:57.596] (CAlphaLoader::Create)blend tex not found
[2017-06-04 17:59:57.597] brick02
[2017-06-04 17:59:57.597] E:\SVNPro\engine\bin\res\ter/west_terrain_backup/zone_1_4.alphamap
[2017-06-04 17:59:57.598] (CAlphaLoader::Create)blend tex not found
[2017-06-04 17:59:57.599] dirt01
[2017-06-04 17:59:57.599] E:\SVNPro\engine\bin\res\ter/west_terrain_backup/zone_1_4.alphamap
[2017-06-04 17:59:57.601] (CAlphaLoader::Create)blend tex not found
[2017-06-04 17:59:57.603] lf1_field_1
[2017-06-04 17:59:57.604] E:\SVNPro\engine\bin\res\ter/west_terrain_backup/zone_1_5.alphamap
[2017-06-04 17:59:57.606] (CAlphaLoader::Create)blend tex not found
[2017-06-04 17:59:57.606] brick02
[2017-06-04 17:59:57.608] E:\SVNPro\engine\bin\res\ter/west_terrain_backup/zone_1_5.alphamap
[2017-06-04 17:59:57.609] (CAlphaLoader::Create)blend tex not found
[2017-06-04 17:59:57.609] dirt01
[2017-06-04 17:59:57.610] E:\SVNPro\engine\bin\res\ter/west_terrain_backup/zone_1_5.alphamap
[2017-06-04 17:59:57.628] (CAlphaLoader::Create)blend tex not found
[2017-06-04 17:59:57.628] lf1_field_1
[2017-06-04 17:59:57.629] E:\SVNPro\engine\bin\res\ter/west_terrain_backup/zone_2_1.alphamap
[2017-06-04 17:59:57.630] (CAlphaLoader::Create)blend tex not found
[2017-06-04 17:59:57.630] brick02
[2017-06-04 17:59:57.630] E:\SVNPro\engine\bin\res\ter/west_terrain_backup/zone_2_1.alphamap
[2017-06-04 17:59:57.631] (CAlphaLoader::Create)blend tex not found
[2017-06-04 17:59:57.631] dirt01
[2017-06-04 17:59:57.632] E:\SVNPro\engine\bin\res\ter/west_terrain_backup/zone_2_1.alphamap
[2017-06-04 17:59:57.633] (CAlphaLoader::Create)blend tex not found
[2017-06-04 17:59:57.634] lf1_field_1
[2017-06-04 17:59:57.634] E:\SVNPro\engine\bin\res\ter/west_terrain_backup/zone_2_5.alphamap
[2017-06-04 17:59:57.635] (CAlphaLoader::Create)blend tex not found
[2017-06-04 17:59:57.636] brick02
[2017-06-04 17:59:57.637] E:\SVNPro\engine\bin\res\ter/west_terrain_backup/zone_2_5.alphamap
[2017-06-04 17:59:57.637] (CAlphaLoader::Create)blend tex not found
[2017-06-04 17:59:57.639] dirt01
[2017-06-04 17:59:57.639] E:\SVNPro\engine\bin\res\ter/west_terrain_backup/zone_2_5.alphamap
[2017-06-04 17:59:57.641] (CAlphaLoader::Create)blend tex not found
[2017-06-04 17:59:57.644] lf1_field_1
[2017-06-04 17:59:57.645] E:\SVNPro\engine\bin\res\ter/west_terrain_backup/zone_3_1.alphamap
[2017-06-04 17:59:57.646] (CAlphaLoader::Create)blend tex not found
[2017-06-04 17:59:57.647] brick02
[2017-06-04 17:59:57.647] E:\SVNPro\engine\bin\res\ter/west_terrain_backup/zone_3_1.alphamap
[2017-06-04 17:59:57.648] (CAlphaLoader::Create)blend tex not found
[2017-06-04 17:59:57.648] dirt01
[2017-06-04 17:59:57.649] E:\SVNPro\engine\bin\res\ter/west_terrain_backup/zone_3_1.alphamap
[2017-06-04 17:59:57.662] (CAlphaLoader::Create)blend tex not found
[2017-06-04 17:59:57.663] lf1_field_1
[2017-06-04 17:59:57.664] E:\SVNPro\engine\bin\res\ter/west_terrain_backup/zone_3_5.alphamap
[2017-06-04 17:59:57.665] (CAlphaLoader::Create)blend tex not found
[2017-06-04 17:59:57.666] brick02
[2017-06-04 17:59:57.666] E:\SVNPro\engine\bin\res\ter/west_terrain_backup/zone_3_5.alphamap
[2017-06-04 17:59:57.668] (CAlphaLoader::Create)blend tex not found
[2017-06-04 17:59:57.670] lf1_field_1
[2017-06-04 17:59:57.671] E:\SVNPro\engine\bin\res\ter/west_terrain_backup/zone_4_1.alphamap
[2017-06-04 17:59:57.672] (CAlphaLoader::Create)blend tex not found
[2017-06-04 17:59:57.673] brick02
[2017-06-04 17:59:57.673] E:\SVNPro\engine\bin\res\ter/west_terrain_backup/zone_4_1.alphamap
[2017-06-04 17:59:57.674] (CAlphaLoader::Create)blend tex not found
[2017-06-04 17:59:57.675] dirt01
[2017-06-04 17:59:57.675] E:\SVNPro\engine\bin\res\ter/west_terrain_backup/zone_4_1.alphamap
[2017-06-04 17:59:57.676] (CAlphaLoader::Create)blend tex not found
[2017-06-04 17:59:57.677] lf1_field_1
[2017-06-04 17:59:57.677] E:\SVNPro\engine\bin\res\ter/west_terrain_backup/zone_4_5.alphamap
[2017-06-04 17:59:57.678] (CAlphaLoader::Create)blend tex not found
[2017-06-04 17:59:57.678] brick02
[2017-06-04 17:59:57.679] E:\SVNPro\engine\bin\res\ter/west_terrain_backup/zone_4_5.alphamap
[2017-06-04 17:59:57.679] (CAlphaLoader::Create)blend tex not found
[2017-06-04 17:59:57.679] dirt01
[2017-06-04 17:59:57.680] E:\SVNPro\engine\bin\res\ter/west_terrain_backup/zone_4_5.alphamap
[2017-06-04 17:59:57.681] (CAlphaLoader::Create)blend tex not found
[2017-06-04 17:59:57.682] lf1_field_1
[2017-06-04 17:59:57.682] E:\SVNPro\engine\bin\res\ter/west_terrain_backup/zone_5_1.alphamap
[2017-06-04 17:59:57.683] (CAlphaLoader::Create)blend tex not found
[2017-06-04 17:59:57.683] brick02
[2017-06-04 17:59:57.684] E:\SVNPro\engine\bin\res\ter/west_terrain_backup/zone_5_1.alphamap
[2017-06-04 17:59:57.686] (CAlphaLoader::Create)blend tex not found
[2017-06-04 17:59:57.687] dirt01
[2017-06-04 17:59:57.688] E:\SVNPro\engine\bin\res\ter/west_terrain_backup/zone_5_1.alphamap
[2017-06-04 17:59:57.691] (CAlphaLoader::Create)blend tex not found
[2017-06-04 17:59:57.692] lf1_field_1
[2017-06-04 17:59:57.692] E:\SVNPro\engine\bin\res\ter/west_terrain_backup/zone_5_2.alphamap
[2017-06-04 17:59:57.693] (CAlphaLoader::Create)blend tex not found
[2017-06-04 17:59:57.694] brick02
[2017-06-04 17:59:57.695] E:\SVNPro\engine\bin\res\ter/west_terrain_backup/zone_5_2.alphamap
[2017-06-04 17:59:57.696] (CAlphaLoader::Create)blend tex not found
[2017-06-04 17:59:57.696] dirt01
[2017-06-04 17:59:57.697] E:\SVNPro\engine\bin\res\ter/west_terrain_backup/zone_5_2.alphamap
[2017-06-04 17:59:57.710] (CAlphaLoader::Create)blend tex not found
[2017-06-04 17:59:57.711] lf1_field_1
[2017-06-04 17:59:57.711] E:\SVNPro\engine\bin\res\ter/west_terrain_backup/zone_5_5.alphamap
[2017-06-04 17:59:57.712] (CAlphaLoader::Create)blend tex not found
[2017-06-04 17:59:57.712] brick02
[2017-06-04 17:59:57.712] E:\SVNPro\engine\bin\res\ter/west_terrain_backup/zone_5_5.alphamap
[2017-06-04 17:59:57.713] (CAlphaLoader::Create)blend tex not found
[2017-06-04 17:59:57.713] dirt01
[2017-06-04 17:59:57.714] E:\SVNPro\engine\bin\res\ter/west_terrain_backup/zone_5_5.alphamap
[2017-06-04 17:59:57.714] (CAlphaLoader::Create)texture not found
[2017-06-04 17:59:57.715] E:\SVNPro\engine\bin\res\ter/west_terrain_backup/zone_5_5.alphamap
[2017-06-04 17:59:57.715] (CAlphaLoader::Create)blend tex not found
[2017-06-04 17:59:57.716] lf1_field_1
[2017-06-04 17:59:57.716] E:\SVNPro\engine\bin\res\ter/west_terrain_backup/zone_0_0.alphamap
[2017-06-04 17:59:57.717] (CAlphaLoader::Create)blend tex not found
[2017-06-04 17:59:57.718] brick02
[2017-06-04 17:59:57.719] E:\SVNPro\engine\bin\res\ter/west_terrain_backup/zone_0_0.alphamap
[2017-06-04 17:59:57.720] (CAlphaLoader::Create)blend tex not found
[2017-06-04 17:59:57.721] dirt01
[2017-06-04 17:59:57.721] E:\SVNPro\engine\bin\res\ter/west_terrain_backup/zone_0_0.alphamap
[2017-06-04 17:59:57.724] (CAlphaLoader::Create)blend tex not found
[2017-06-04 17:59:57.725] lf1_field_1
[2017-06-04 17:59:57.725] E:\SVNPro\engine\bin\res\ter/west_terrain_backup/zone_0_1.alphamap
[2017-06-04 17:59:57.726] (CAlphaLoader::Create)blend tex not found
[2017-06-04 17:59:57.727] brick02
[2017-06-04 17:59:57.727] E:\SVNPro\engine\bin\res\ter/west_terrain_backup/zone_0_1.alphamap
[2017-06-04 17:59:57.728] (CAlphaLoader::Create)blend tex not found
[2017-06-04 17:59:57.728] dirt01
[2017-06-04 17:59:57.728] E:\SVNPro\engine\bin\res\ter/west_terrain_backup/zone_0_1.alphamap
[2017-06-04 17:59:57.740] (CAlphaLoader::Create)blend tex not found
[2017-06-04 17:59:57.741] lf1_field_1
[2017-06-04 17:59:57.741] E:\SVNPro\engine\bin\res\ter/west_terrain_backup/zone_0_2.alphamap
[2017-06-04 17:59:57.742] (CAlphaLoader::Create)blend tex not found
[2017-06-04 17:59:57.742] brick02
[2017-06-04 17:59:57.742] E:\SVNPro\engine\bin\res\ter/west_terrain_backup/zone_0_2.alphamap
[2017-06-04 17:59:57.743] (CAlphaLoader::Create)blend tex not found
[2017-06-04 17:59:57.743] dirt01
[2017-06-04 17:59:57.744] E:\SVNPro\engine\bin\res\ter/west_terrain_backup/zone_0_2.alphamap
[2017-06-04 17:59:57.745] (CAlphaLoader::Create)blend tex not found
[2017-06-04 17:59:57.745] lf1_field_1
[2017-06-04 17:59:57.745] E:\SVNPro\engine\bin\res\ter/west_terrain_backup/zone_0_3.alphamap
[2017-06-04 17:59:57.746] (CAlphaLoader::Create)blend tex not found
[2017-06-04 17:59:57.746] brick02
[2017-06-04 17:59:57.747] E:\SVNPro\engine\bin\res\ter/west_terrain_backup/zone_0_3.alphamap
[2017-06-04 17:59:57.747] (CAlphaLoader::Create)blend tex not found
[2017-06-04 17:59:57.748] dirt01
[2017-06-04 17:59:57.749] E:\SVNPro\engine\bin\res\ter/west_terrain_backup/zone_0_3.alphamap
[2017-06-04 17:59:57.752] (CAlphaLoader::Create)blend tex not found
[2017-06-04 17:59:57.754] lf1_field_1
[2017-06-04 17:59:57.755] E:\SVNPro\engine\bin\res\ter/west_terrain_backup/zone_0_4.alphamap
[2017-06-04 17:59:57.756] (CAlphaLoader::Create)blend tex not found
[2017-06-04 17:59:57.756] brick02
[2017-06-04 17:59:57.757] E:\SVNPro\engine\bin\res\ter/west_terrain_backup/zone_0_4.alphamap
[2017-06-04 17:59:57.757] (CAlphaLoader::Create)blend tex not found
[2017-06-04 17:59:57.757] dirt01
[2017-06-04 17:59:57.758] E:\SVNPro\engine\bin\res\ter/west_terrain_backup/zone_0_4.alphamap
[2017-06-04 17:59:57.759] (CAlphaLoader::Create)blend tex not found
[2017-06-04 17:59:57.760] lf1_field_1
[2017-06-04 17:59:57.760] E:\SVNPro\engine\bin\res\ter/west_terrain_backup/zone_0_5.alphamap
[2017-06-04 17:59:57.761] (CAlphaLoader::Create)blend tex not found
[2017-06-04 17:59:57.761] brick02
[2017-06-04 17:59:57.762] E:\SVNPro\engine\bin\res\ter/west_terrain_backup/zone_0_5.alphamap
[2017-06-04 17:59:57.762] (CAlphaLoader::Create)blend tex not found
[2017-06-04 17:59:57.763] dirt01
[2017-06-04 17:59:57.763] E:\SVNPro\engine\bin\res\ter/west_terrain_backup/zone_0_5.alphamap
[2017-06-04 17:59:57.765] (CAlphaLoader::Create)blend tex not found
[2017-06-04 17:59:57.766] lf1_field_1
[2017-06-04 17:59:57.767] E:\SVNPro\engine\bin\res\ter/west_terrain_backup/zone_1_0.alphamap
[2017-06-04 17:59:57.768] (CAlphaLoader::Create)blend tex not found
[2017-06-04 17:59:57.769] brick02
[2017-06-04 17:59:57.770] E:\SVNPro\engine\bin\res\ter/west_terrain_backup/zone_1_0.alphamap
[2017-06-04 17:59:57.771] (CAlphaLoader::Create)blend tex not found
[2017-06-04 17:59:57.772] dirt01
[2017-06-04 17:59:57.772] E:\SVNPro\engine\bin\res\ter/west_terrain_backup/zone_1_0.alphamap
[2017-06-04 17:59:57.776] (CAlphaLoader::Create)blend tex not found
[2017-06-04 17:59:57.776] lf1_field_1
[2017-06-04 17:59:57.777] E:\SVNPro\engine\bin\res\ter/west_terrain_backup/zone_4_0.alphamap
[2017-06-04 17:59:57.777] (CAlphaLoader::Create)blend tex not found
[2017-06-04 17:59:57.778] brick02
[2017-06-04 17:59:57.778] E:\SVNPro\engine\bin\res\ter/west_terrain_backup/zone_4_0.alphamap
[2017-06-04 17:59:57.779] (CAlphaLoader::Create)blend tex not found
[2017-06-04 17:59:57.779] dirt01
[2017-06-04 17:59:57.780] E:\SVNPro\engine\bin\res\ter/west_terrain_backup/zone_4_0.alphamap
[2017-06-04 17:59:57.785] (CAlphaLoader::Create)blend tex not found
[2017-06-04 17:59:57.787] lf1_field_1
[2017-06-04 17:59:57.787] E:\SVNPro\engine\bin\res\ter/west_terrain_backup/zone_5_0.alphamap
[2017-06-04 17:59:57.788] (CAlphaLoader::Create)blend tex not found
[2017-06-04 17:59:57.789] brick02
[2017-06-04 17:59:57.790] E:\SVNPro\engine\bin\res\ter/west_terrain_backup/zone_5_0.alphamap
[2017-06-04 17:59:57.790] (CAlphaLoader::Create)blend tex not found
[2017-06-04 17:59:57.791] dirt01
[2017-06-04 17:59:57.791] E:\SVNPro\engine\bin\res\ter/west_terrain_backup/zone_5_0.alphamap
[2017-06-04 18:00:00.254] (load_tex)texture ao.bmp not found
[2017-06-04 18:00:00.255] (CTexLoader::Load)texture E:\SVNPro\engine\bin\res\/tex\model\ao.bmp not found
[2017-06-04 18:00:00.255] (load_tex)texture ao.bmp not found
[2017-06-04 18:00:00.256] (load_tex)texture ao.bmp not found
[2017-06-04 18:00:00.257] (load_tex)texture ao.bmp not found
[2017-06-04 18:00:00.258] (load_tex)texture ao.bmp not found
[2017-06-04 18:00:00.259] (load_tex)texture ao.bmp not found
[2017-06-04 18:00:00.261] (load_tex)texture ao.bmp not found
[2017-06-04 18:00:00.261] (load_tex)texture ao.bmp not found
[2017-06-04 18:00:00.262] (load_tex)texture ao.bmp not found
[2017-06-04 18:00:00.263] (load_tex)texture ao.bmp not found
[2017-06-04 18:00:00.264] (load_tex)texture ao.bmp not found
[2017-06-04 18:00:00.265] (load_tex)texture ao.bmp not found
[2017-06-04 18:00:00.266] (load_tex)texture ao.bmp not found
[2017-06-04 18:00:00.275] (load_tex)texture ao.bmp not found
[2017-06-04 18:00:00.324] (load_tex)texture ao.bmp not found
[2017-06-04 18:00:00.327] (load_tex)texture ao.bmp not found
[2017-06-04 18:00:00.327] (load_tex)texture ao.bmp not found
[2017-06-04 18:00:00.328] (load_tex)texture ao.bmp not found
[2017-06-04 18:00:00.329] (load_tex)texture ao.bmp not found
[2017-06-04 18:00:00.330] (load_tex)texture ao.bmp not found
[2017-06-04 18:00:00.332] (load_tex)texture ao.bmp not found
[2017-06-04 18:00:00.333] (load_tex)texture ao.bmp not found
[2017-06-04 18:00:00.333] (load_tex)texture ao.bmp not found
[2017-06-04 18:00:00.334] (load_tex)texture ao.bmp not found
[2017-06-04 18:00:00.335] (load_tex)texture ao.bmp not found
[2017-06-04 18:00:00.336] (load_tex)texture ao.bmp not found
[2017-06-04 18:00:00.337] (load_tex)texture ao.bmp not found
[2017-06-04 18:00:00.338] (load_tex)texture ao.bmp not found
[2017-06-04 18:00:00.339] (load_tex)texture ao.bmp not found
[2017-06-04 18:00:00.339] (load_tex)texture ao.bmp not found
[2017-06-04 18:00:00.340] (load_tex)texture ao.bmp not found
[2017-06-04 18:00:00.341] (load_tex)texture ao.bmp not found
[2017-06-04 18:00:00.342] (load_tex)texture ao.bmp not found
[2017-06-04 18:00:00.344] (load_tex)texture ao.bmp not found
[2017-06-04 18:00:00.345] (load_tex)texture ao.bmp not found
[2017-06-04 18:00:01.046] (CTexLoader::Load)texture E:\SVNPro\engine\bin\res\map/tex/particles/p_tj3_002.dds not found
