[2016-12-31 14:53:59.883] 
[GPU Info]
PVRVFrame 9.8 - None (Host : Intel(R) HD Graphics 4600) (SDK Build: 3.3@2850019)
Imagination Technologies (Host: Intel)
OpenGL ES 3.0(Host : 4.3.0 - Build 10.18.14.4414)
[DeviceCapsInfo]
PVRSupported:true
ETCSupported:true
ATCSupported:false
DDSSupported:false
BGRA8888Supported:true
TextureFloat16Supported:true
TextureFloat32Supported:false
TextureFloat16LinearSupported:false
TextureFloat32LinearSupported:true
TextureFloat16ColorBufferSupported:true
TextureFloat32ColorBufferSupported:true
BinaryShaderSupported:true
DepthTextureSupported:true
Texture3DSupported:true
TextureNPOTSupported:false
TextureFilterAnisotropicSupported:true
TextureRGSupported:true
Depth24Stencil8Supported:true
Stencil1Supported:false
Stencil4Supported:false
RGB888_RGBA8888Supported:true
RGBA8888Supported:true
Depth24Supported:true
Depth32Supported:true
FboRenderMipMap:false
VertexFloat16Supported:false
ShadowSamplersSupported:false
ShaderTextureLodSupported:true
OcclusionQuerySupported:true
SRGBSupported:false
DiscardFrameBufferSupported:true
PartnerGPU:false

[2016-12-31 14:53:59.884] TextureMaxSize:16384
FragmentTextureSamplerMaxNum:32
VertexTextureSamplerMaxNum:32
CombindTextureSamplerMaxNum:32
VaryingVectorsMaxNum:16
FragmentUniformVectorsMaxNum:1024
VertexUniformVectorsMaxNum:1024
VertexAttribsMaxNum:16

[2016-12-31 14:53:59.885] [Extensions]
[2016-12-31 14:53:59.886] GL_APPLE_copy_texture_levels GL_APPLE_texture_2D_limited_npot GL_EXT_blend_minmax GL_EXT_debug_marker GL_EXT_discard_framebuffer GL_EXT_draw_buffers GL_EXT_multi_draw_arrays GL_EXT_multisampled_render_to_texture GL_EXT_occlusion_query_boolean GL_EXT_shader_texture_lod GL_ GL_EXT_texture_filter_anisotropic GL_EXT_texture_format_BGRA8888 GL_EXT_texture_rg GL_EXT_texture_storage GL_EXT_texture_type_2_10_10_10_REV GL_IMG_multisampled_render_to_texture GL_IMG_program_binary GL_IMG_read_format GL_IMG_shader_binary GL_IMG_texture_compression_pvrtc GL_IMG_texture_compression_pvrtc2 GL_IMG_texture_env_enhanced_fixed_function GL_IMG_texture_format_BGRA8888 GL_IMG_texture_npot GL_IMG_texture_stream GL_IMG_texture_stream2 GL_IMG_uniform_buffer_object GL_IMG_user_clip_plane GL_IMG_vertex_array_object GL_KHR_debug GL_KHR_blend_equation_advanced GL_OES_blend_equation_separate GL_OES_blend_func_separate GL_OES_blend_subtract GL_OES_byte_coordinates GL_OES_compressed_ETC1_RGB8_texture GL_OES_depth_texture GL_OES_depth_texture_cube_map GL_OES_draw_texture GL_OES_EGL_image_external GL_OES_egl_sync GL_OES_element_index_uint GL_OES_extended_matrix_palette GL_OES_fixed_point GL_OES_fragment_precision_high GL_OES_framebuffer_object GL_OES_get_program_binary GL_OES_mapbuffer GL_OES_matrix_get GL_OES_matrix_palette GL_OES_packed_depth_stencil GL_OES_point_size_array GL_OES_point_sprite GL_OES_query_matrix GL_OES_read_format GL_OES_required_internalformat GL_OES_sample_shading GL_OES_sample_variables GL_OES_shader_image_atomic GL_OES_shader_multisample_interpolation GL_OES_single_precision GL_OES_standard_derivatives GL_OES_stencil_wrap GL_OES_texture_cube_map GL_OES_texture_env_crossbar GL_OES_texture_float GL_OES_texture_half_float GL_OES_texture_mirrored_repeat GL_OES_texture_stencil8 GL_OES_texture_storage_multisample_2d_array GL_OES_vertex_array_object 
[2016-12-31 14:53:59.887] [DeviceSize] 1024X768
[2016-12-31 14:53:59.888] ColorBufferBit: R:8 G:8 B:8 A:8
DepthBufferBit: 24
StencilBufferBit: 8

[2016-12-31 14:53:59.890] (CCacheLoader::Load)open failed
[2016-12-31 14:53:59.891] C:\amber_client\pro/eff/gui.vsh
[2016-12-31 14:53:59.891] (Render::LoadShader)can't open file
[2016-12-31 14:53:59.892] gui.vsh
[2016-12-31 14:53:59.893] (CCacheLoader::Load)open failed
[2016-12-31 14:53:59.894] C:\amber_client\pro/eff/gui.fsh
[2016-12-31 14:53:59.895] (Render::LoadShader)can't open file
[2016-12-31 14:53:59.896] gui.fsh
